2020-04-18T22:41:31.3879520Z ##[section]Starting: Release
2020-04-18T22:41:32.5231959Z ##[section]Starting: Initialize job
2020-04-18T22:41:32.5232444Z Agent name: 'WIN-QRBKL3AEHAB'
2020-04-18T22:41:32.5232560Z Agent machine name: 'WIN-QRBKL3AEHAB'
2020-04-18T22:41:32.5232630Z Current agent version: '2.164.7'
2020-04-18T22:41:32.5253675Z Agent running as: 'Administrator'
2020-04-18T22:41:32.5300890Z Prepare release directory.
2020-04-18T22:41:32.5326911Z ReleaseId=125, TeamProjectId=44244e31-15dd-47c1-bc40-0fbe84c1ae97, ReleaseDefinitionName=New release pipeline
2020-04-18T22:41:32.5438566Z Release folder: C:\azagent\A3\_work\r1\a
2020-04-18T22:41:32.5726103Z Environment variables available are below.  Note that these environment variables can be referred to in the task (in the ReleaseDefinition) by replacing "_" with "." e.g. AGENT_NAME environment variable can be referenced using Agent.Name in the ReleaseDefinition: 
				[AGENT_DEPLOYMENTGROUPID] --> [10]
				[AGENT_DISABLELOGPLUGIN_TESTFILEPUBLISHERPLUGIN] --> [true]
				[AGENT_DISABLELOGPLUGIN_TESTRESULTLOGPLUGIN] --> [true]
				[AGENT_HOMEDIRECTORY] --> [C:\azagent\A3]
				[AGENT_ID] --> [9]
				[AGENT_JOBNAME] --> [Release]
				[AGENT_MACHINENAME] --> [WIN-QRBKL3AEHAB]
				[AGENT_NAME] --> [WIN-QRBKL3AEHAB]
				[AGENT_OS] --> [Windows_NT]
				[AGENT_OSARCHITECTURE] --> [X64]
				[AGENT_RELEASEDIRECTORY] --> [C:\azagent\A3\_work\r1\a]
				[AGENT_RETAINDEFAULTENCODING] --> [false]
				[AGENT_ROOTDIRECTORY] --> [C:\azagent\A3\_work]
				[AGENT_SERVEROMDIRECTORY] --> [C:\azagent\A3\externals\vstsom]
				[AGENT_TEMPDIRECTORY] --> [C:\azagent\A3\_work\_temp]
				[AGENT_TOOLSDIRECTORY] --> [C:\azagent\A3\_work\_tool]
				[AGENT_VERSION] --> [2.164.7]
				[AGENT_WORKFOLDER] --> [C:\azagent\A3\_work]
				[AZURE_HTTP_USER_AGENT] --> [VSTS_d93c728d-4469-4d59-966d-113379383fca_release_1_125_324_1]
				[BUILD_BUILDID] --> [74]
				[BUILD_BUILDNUMBER] --> [74]
				[BUILD_BUILDURI] --> [vstfs:///Build/Build/74]
				[BUILD_DEFINITIONID] --> [2]
				[BUILD_DEFINITIONNAME] --> [Build]
				[BUILD_PROJECTID] --> [44244e31-15dd-47c1-bc40-0fbe84c1ae97]
				[BUILD_PROJECTNAME] --> [Test]
				[BUILD_REPOSITORY_ID] --> [L00144438/Mock-Application]
				[BUILD_REPOSITORY_NAME] --> [L00144438/Mock-Application]
				[BUILD_REPOSITORY_PROVIDER] --> [GitHub]
				[BUILD_REQUESTEDFOR] --> [Lee Tamplin]
				[BUILD_REQUESTEDFORID] --> [0c1e2e3b-cd77-6c4e-afa5-b3057ddbc4c6]
				[BUILD_SOURCEBRANCH] --> [refs/heads/master]
				[BUILD_SOURCEBRANCHNAME] --> [master]
				[BUILD_SOURCEVERSION] --> [45cfb4754506eff1e749efe53f70324d9d1e1c0a]
				[BUILD_TYPE] --> [Build]
				[GIT_TERMINAL_PROMPT] --> [0]
				[MSDEPLOY_HTTP_USER_AGENT] --> [VSTS_d93c728d-4469-4d59-966d-113379383fca_release_1_125_324_1]
				[RELEASE_ARTIFACTS__BUILD_BUILDID] --> [74]
				[RELEASE_ARTIFACTS__BUILD_BUILDNUMBER] --> [74]
				[RELEASE_ARTIFACTS__BUILD_BUILDURI] --> [vstfs:///Build/Build/74]
				[RELEASE_ARTIFACTS__BUILD_DEFINITIONID] --> [2]
				[RELEASE_ARTIFACTS__BUILD_DEFINITIONNAME] --> [Build]
				[RELEASE_ARTIFACTS__BUILD_PROJECTID] --> [44244e31-15dd-47c1-bc40-0fbe84c1ae97]
				[RELEASE_ARTIFACTS__BUILD_PROJECTNAME] --> [Test]
				[RELEASE_ARTIFACTS__BUILD_REPOSITORY_ID] --> [L00144438/Mock-Application]
				[RELEASE_ARTIFACTS__BUILD_REPOSITORY_NAME] --> [L00144438/Mock-Application]
				[RELEASE_ARTIFACTS__BUILD_REPOSITORY_PROVIDER] --> [GitHub]
				[RELEASE_ARTIFACTS__BUILD_REQUESTEDFOR] --> [Lee Tamplin]
				[RELEASE_ARTIFACTS__BUILD_REQUESTEDFORID] --> [0c1e2e3b-cd77-6c4e-afa5-b3057ddbc4c6]
				[RELEASE_ARTIFACTS__BUILD_SOURCEBRANCH] --> [refs/heads/master]
				[RELEASE_ARTIFACTS__BUILD_SOURCEBRANCHNAME] --> [master]
				[RELEASE_ARTIFACTS__BUILD_SOURCEVERSION] --> [45cfb4754506eff1e749efe53f70324d9d1e1c0a]
				[RELEASE_ARTIFACTS__BUILD_TYPE] --> [Build]
				[RELEASE_ATTEMPTNUMBER] --> [1]
				[RELEASE_DEFINITIONENVIRONMENTID] --> [7]
				[RELEASE_DEFINITIONID] --> [1]
				[RELEASE_DEFINITIONNAME] --> [New release pipeline]
				[RELEASE_DEPLOYMENT_REQUESTEDFOR] --> [Lee Tamplin]
				[RELEASE_DEPLOYMENT_REQUESTEDFOREMAIL] --> [L00144438@student.lyit.ie]
				[RELEASE_DEPLOYMENT_REQUESTEDFORID] --> [0c1e2e3b-cd77-6c4e-afa5-b3057ddbc4c6]
				[RELEASE_DEPLOYMENT_STARTTIME] --> [2020-04-18 22:41:25Z]
				[RELEASE_DEPLOYMENTID] --> [178]
				[RELEASE_DEPLOYPHASEID] --> [178]
				[RELEASE_ENVIRONMENTID] --> [324]
				[RELEASE_ENVIRONMENTNAME] --> [Dev]
				[RELEASE_ENVIRONMENTS_DEV_STATUS] --> [InProgress]
				[RELEASE_ENVIRONMENTS_UAT_STATUS] --> [NotStarted]
				[RELEASE_ENVIRONMENTURI] --> [vstfs:///ReleaseManagement/Environment/324]
				[RELEASE_PRIMARYARTIFACTSOURCEALIAS] --> [_Build]
				[RELEASE_REASON] --> [Manual]
				[RELEASE_RELEASEDESCRIPTION] --> []
				[RELEASE_RELEASEID] --> [125]
				[RELEASE_RELEASENAME] --> [Release-114]
				[RELEASE_RELEASEURI] --> [vstfs:///ReleaseManagement/Release/125]
				[RELEASE_RELEASEWEBURL] --> [https://dev.azure.com/L00144438/44244e31-15dd-47c1-bc40-0fbe84c1ae97/_release?releaseId=125&_a=release-summary]
				[RELEASE_REQUESTEDFOR] --> [Lee Tamplin]
				[RELEASE_REQUESTEDFOREMAIL] --> [L00144438@student.lyit.ie]
				[RELEASE_REQUESTEDFORID] --> [0c1e2e3b-cd77-6c4e-afa5-b3057ddbc4c6]
				[RELEASE_SKIPARTIFACTSDOWNLOAD] --> [False]
				[RELEASE_TRIGGERINGARTIFACT_ALIAS] --> []
				[REQUESTEDFORID] --> [0c1e2e3b-cd77-6c4e-afa5-b3057ddbc4c6]
				[SYSTEM] --> [deployment]
				[SYSTEM_ARTIFACTSDIRECTORY] --> [C:\azagent\A3\_work\r1\a]
				[SYSTEM_COLLECTIONID] --> [d93c728d-4469-4d59-966d-113379383fca]
				[SYSTEM_CULTURE] --> [en-US]
				[SYSTEM_DEFAULTWORKINGDIRECTORY] --> [C:\azagent\A3\_work\r1\a]
				[SYSTEM_ENABLEACCESSTOKEN] --> [False]
				[SYSTEM_HOSTTYPE] --> [deployment]
				[SYSTEM_JOBID] --> [9bde8264-9971-4e05-a386-52e82e6e09a0]
				[SYSTEM_JOBPARALLELISMTAG] --> [Private]
				[SYSTEM_PLANID] --> [9e0cb4e5-5728-4b3e-b3b9-cf0c2167d73c]
				[SYSTEM_SERVERTYPE] --> [Hosted]
				[SYSTEM_TASKDEFINITIONSURI] --> [https://dev.azure.com/L00144438/]
				[SYSTEM_TEAMFOUNDATIONCOLLECTIONURI] --> [https://dev.azure.com/L00144438/]
				[SYSTEM_TEAMFOUNDATIONSERVERURI] --> [https://vsrm.dev.azure.com/L00144438/]
				[SYSTEM_TEAMPROJECT] --> [Test]
				[SYSTEM_TEAMPROJECTID] --> [44244e31-15dd-47c1-bc40-0fbe84c1ae97]
				[SYSTEM_TIMELINEID] --> [9e0cb4e5-5728-4b3e-b3b9-cf0c2167d73c]
				[SYSTEM_WORKFOLDER] --> [C:\azagent\A3\_work]
2020-04-18T22:41:32.7505011Z Creating artifacts directory: C:\azagent\A3\_work\r1\a
2020-04-18T22:41:32.7629951Z Created artifacts directory: C:\azagent\A3\_work\r1\a
2020-04-18T22:41:32.7743672Z Download all required tasks.
2020-04-18T22:41:32.9126072Z Start tracking orphan processes.
2020-04-18T22:41:32.9216762Z ##[section]Finishing: Initialize job
2020-04-18T22:41:33.0502635Z ##[section]Starting: Download artifact - _Build - src
2020-04-18T22:41:33.2421313Z ==============================================================================
2020-04-18T22:41:33.2421499Z Task         : Download build artifacts
2020-04-18T22:41:33.2421559Z Description  : Download files that were saved as artifacts of a completed build
2020-04-18T22:41:33.2421656Z Version      : 0.156.1
2020-04-18T22:41:33.2421738Z Author       : Microsoft Corporation
2020-04-18T22:41:33.2421799Z Help         : https://docs.microsoft.com/azure/devops/pipelines/tasks/utility/download-build-artifacts
2020-04-18T22:41:33.2421860Z ==============================================================================
2020-04-18T22:41:35.1594727Z Downloading artifacts for build: 74
2020-04-18T22:41:35.2926984Z Downloading items from container resource #/8289207/src
2020-04-18T22:41:35.2927477Z Downloading artifact src from: https://dev.azure.com/L00144438//_apis/resources/Containers/8289207?itemPath=src&isShallow=true&api-version=4.1-preview.4
2020-04-18T22:41:35.8133668Z Downloading src/Data1.dat to C:\azagent\A3\_work\r1\a\_Build\src\Data1.dat
2020-04-18T22:41:35.8133881Z Downloaded src/Data1.dat to C:\azagent\A3\_work\r1\a\_Build\src\Data1.dat
2020-04-18T22:41:35.8914632Z Downloading src/testfail.ps1 to C:\azagent\A3\_work\r1\a\_Build\src\testfail.ps1
2020-04-18T22:41:35.9016644Z Downloaded src/testfail.ps1 to C:\azagent\A3\_work\r1\a\_Build\src\testfail.ps1
2020-04-18T22:41:36.0859832Z Downloading src/DacPac/MockDB.dacpac to C:\azagent\A3\_work\r1\a\_Build\src\DacPac\MockDB.dacpac
2020-04-18T22:41:36.0860557Z Downloaded src/DacPac/MockDB.dacpac to C:\azagent\A3\_work\r1\a\_Build\src\DacPac\MockDB.dacpac
2020-04-18T22:41:36.1351629Z Downloading src/Data/Data1.dat to C:\azagent\A3\_work\r1\a\_Build\src\Data\Data1.dat
2020-04-18T22:41:36.1351933Z Downloaded src/Data/Data1.dat to C:\azagent\A3\_work\r1\a\_Build\src\Data\Data1.dat
2020-04-18T22:41:36.1801866Z Downloading src/Data/Data2.dat to C:\azagent\A3\_work\r1\a\_Build\src\Data\Data2.dat
2020-04-18T22:41:36.1815150Z Downloaded src/Data/Data2.dat to C:\azagent\A3\_work\r1\a\_Build\src\Data\Data2.dat
2020-04-18T22:41:36.2294481Z Downloading src/Data/Data3.dat to C:\azagent\A3\_work\r1\a\_Build\src\Data\Data3.dat
2020-04-18T22:41:36.2303314Z Downloaded src/Data/Data3.dat to C:\azagent\A3\_work\r1\a\_Build\src\Data\Data3.dat
2020-04-18T22:41:36.2903577Z Downloading src/tests/testfail.ps1 to C:\azagent\A3\_work\r1\a\_Build\src\tests\testfail.ps1
2020-04-18T22:41:36.2921833Z Downloaded src/tests/testfail.ps1 to C:\azagent\A3\_work\r1\a\_Build\src\tests\testfail.ps1
2020-04-18T22:41:36.3524444Z Downloading src/tests/testpass.ps1 to C:\azagent\A3\_work\r1\a\_Build\src\tests\testpass.ps1
2020-04-18T22:41:36.3634085Z Downloaded src/tests/testpass.ps1 to C:\azagent\A3\_work\r1\a\_Build\src\tests\testpass.ps1
2020-04-18T22:41:37.3365415Z Total Files: 8, Processed: 8, Skipped: 0, Failed: 0, Download time: 2.046 secs, Download size: 2889Bytes
2020-04-18T22:41:37.4135221Z Successfully downloaded artifacts to C:\azagent\A3\_work\r1\a/_Build/
2020-04-18T22:41:37.4243645Z ##[section]Finishing: Download artifact - _Build - src
2020-04-18T22:41:37.4428165Z ##[section]Starting: Stop Services
2020-04-18T22:41:37.5239944Z ==============================================================================
2020-04-18T22:41:37.5240100Z Task         : PowerShell
2020-04-18T22:41:37.5240154Z Description  : Run a PowerShell script on Linux, macOS, or Windows
2020-04-18T22:41:37.5240206Z Version      : 2.165.0
2020-04-18T22:41:37.5240271Z Author       : Microsoft Corporation
2020-04-18T22:41:37.5240321Z Help         : https://docs.microsoft.com/azure/devops/pipelines/tasks/utility/powershell
2020-04-18T22:41:37.5240368Z ==============================================================================
2020-04-18T22:41:39.7707168Z Generating script.
2020-04-18T22:41:39.8501244Z ========================== Starting Command Output ===========================
2020-04-18T22:41:39.9283575Z ##[command]"C:\Windows\System32\WindowsPowerShell\v1.0\powershell.exe" -NoLogo -NoProfile -NonInteractive -ExecutionPolicy Unrestricted -Command ". 'C:\azagent\A3\_work\_temp\aae5c1d6-d780-4cce-8649-406643dbfd74.ps1'"
2020-04-18T22:41:40.9615017Z ##[section]Finishing: Stop Services
2020-04-18T22:41:40.9800032Z ##[section]Starting: Copy Files to: C:\Src
2020-04-18T22:41:41.0015270Z ==============================================================================
2020-04-18T22:41:41.0015361Z Task         : Copy files
2020-04-18T22:41:41.0015416Z Description  : Copy files from a source folder to a target folder using patterns matching file paths (not folder paths)
2020-04-18T22:41:41.0015467Z Version      : 2.164.0
2020-04-18T22:41:41.0015531Z Author       : Microsoft Corporation
2020-04-18T22:41:41.0015584Z Help         : https://docs.microsoft.com/azure/devops/pipelines/tasks/utility/copy-files
2020-04-18T22:41:41.0015634Z ==============================================================================
2020-04-18T22:41:41.5657263Z found 8 files
2020-04-18T22:41:41.5677153Z File C:\azagent\A3\_work\r1\a\_Build\src\DacPac\MockDB.dacpac already exist at C:\Src\DacPac\MockDB.dacpac
2020-04-18T22:41:41.5688431Z File C:\azagent\A3\_work\r1\a\_Build\src\Data\Data1.dat already exist at C:\Src\Data\Data1.dat
2020-04-18T22:41:41.5693117Z File C:\azagent\A3\_work\r1\a\_Build\src\Data\Data2.dat already exist at C:\Src\Data\Data2.dat
2020-04-18T22:41:41.5694817Z File C:\azagent\A3\_work\r1\a\_Build\src\Data\Data3.dat already exist at C:\Src\Data\Data3.dat
2020-04-18T22:41:41.5699549Z File C:\azagent\A3\_work\r1\a\_Build\src\Data1.dat already exist at C:\Src\Data1.dat
2020-04-18T22:41:41.5701020Z File C:\azagent\A3\_work\r1\a\_Build\src\testfail.ps1 already exist at C:\Src\testfail.ps1
2020-04-18T22:41:41.5704645Z File C:\azagent\A3\_work\r1\a\_Build\src\tests\testfail.ps1 already exist at C:\Src\tests\testfail.ps1
2020-04-18T22:41:41.5707340Z File C:\azagent\A3\_work\r1\a\_Build\src\tests\testpass.ps1 already exist at C:\Src\tests\testpass.ps1
2020-04-18T22:41:41.5860650Z ##[section]Finishing: Copy Files to: C:\Src
2020-04-18T22:41:41.6036139Z ##[section]Starting: Backup DB
2020-04-18T22:41:41.6270874Z ==============================================================================
2020-04-18T22:41:41.6270962Z Task         : PowerShell
2020-04-18T22:41:41.6271037Z Description  : Run a PowerShell script on Linux, macOS, or Windows
2020-04-18T22:41:41.6271082Z Version      : 2.165.0
2020-04-18T22:41:41.6271133Z Author       : Microsoft Corporation
2020-04-18T22:41:41.6271176Z Help         : https://docs.microsoft.com/azure/devops/pipelines/tasks/utility/powershell
2020-04-18T22:41:41.6271214Z ==============================================================================
2020-04-18T22:41:44.3934009Z Generating script.
2020-04-18T22:41:44.3934189Z ========================== Starting Command Output ===========================
2020-04-18T22:41:44.3934983Z ##[command]"C:\Windows\System32\WindowsPowerShell\v1.0\powershell.exe" -NoLogo -NoProfile -NonInteractive -ExecutionPolicy Unrestricted -Command ". 'C:\azagent\A3\_work\_temp\30b419ea-a784-4297-9609-5f3dd6d63d6d.ps1'"
2020-04-18T22:41:47.0511096Z ##[section]Finishing: Backup DB
2020-04-18T22:41:47.0745555Z ##[section]Starting: Deploy using : dacpac
2020-04-18T22:41:47.0964264Z ==============================================================================
2020-04-18T22:41:47.0964386Z Task         : SQL Server database deploy
2020-04-18T22:41:47.0964442Z Description  : Deploy a SQL Server database using DACPAC or SQL scripts
2020-04-18T22:41:47.0964509Z Version      : 0.3.21
2020-04-18T22:41:47.0964562Z Author       : Microsoft Corporation
2020-04-18T22:41:47.0964614Z Help         : https://docs.microsoft.com/azure/devops/pipelines/tasks/deploy/sql-dacpac-deployment-on-machine-group
2020-04-18T22:41:47.0964678Z ==============================================================================
2020-04-18T22:42:00.6695524Z Publishing to database 'MockThirdParty' on server 'localhost'. 
2020-04-18T22:42:00.6696326Z Initializing deployment (Start) 
2020-04-18T22:42:00.6696578Z Initializing deployment (Complete) 
2020-04-18T22:42:00.6696797Z Analyzing deployment plan (Start) 
2020-04-18T22:42:00.6697075Z Analyzing deployment plan (Complete) 
2020-04-18T22:42:00.6698505Z Updating database (Start) 
2020-04-18T22:42:00.6699190Z Update complete. 
2020-04-18T22:42:00.6699430Z Updating database (Complete) 
2020-04-18T22:42:00.6699641Z Successfully published database. 
2020-04-18T22:42:00.6699863Z Time elapsed 00:00:09.77 
2020-04-18T22:42:00.6700445Z 
2020-04-18T22:42:00.7246467Z ##[section]Finishing: Deploy using : dacpac
2020-04-18T22:42:00.7435958Z ##[section]Starting: Start Services
2020-04-18T22:42:00.7820015Z ==============================================================================
2020-04-18T22:42:00.7820109Z Task         : PowerShell
2020-04-18T22:42:00.7820182Z Description  : Run a PowerShell script on Linux, macOS, or Windows
2020-04-18T22:42:00.7820237Z Version      : 2.165.0
2020-04-18T22:42:00.7820289Z Author       : Microsoft Corporation
2020-04-18T22:42:00.7820342Z Help         : https://docs.microsoft.com/azure/devops/pipelines/tasks/utility/powershell
2020-04-18T22:42:00.7820408Z ==============================================================================
2020-04-18T22:42:03.2767025Z Generating script.
2020-04-18T22:42:03.3614048Z ========================== Starting Command Output ===========================
2020-04-18T22:42:03.5236282Z ##[command]"C:\Windows\System32\WindowsPowerShell\v1.0\powershell.exe" -NoLogo -NoProfile -NonInteractive -ExecutionPolicy Unrestricted -Command ". 'C:\azagent\A3\_work\_temp\760f18d2-397a-4b0d-9e40-598566450e71.ps1'"
2020-04-18T22:42:05.3938431Z ##[section]Finishing: Start Services
2020-04-18T22:42:05.4331299Z ##[section]Starting: Run Tests
2020-04-18T22:42:05.4833313Z ==============================================================================
2020-04-18T22:42:05.4834073Z Task         : PowerShell
2020-04-18T22:42:05.4834177Z Description  : Run a PowerShell script on Linux, macOS, or Windows
2020-04-18T22:42:05.4834276Z Version      : 2.165.0
2020-04-18T22:42:05.4834417Z Author       : Microsoft Corporation
2020-04-18T22:42:05.4834519Z Help         : https://docs.microsoft.com/azure/devops/pipelines/tasks/utility/powershell
2020-04-18T22:42:05.4834682Z ==============================================================================
2020-04-18T22:42:07.7417284Z Generating script.
2020-04-18T22:42:07.7567116Z Formatted command: . 'C:\src\tests\testpass.ps1'
2020-04-18T22:42:07.8760048Z ========================== Starting Command Output ===========================
2020-04-18T22:42:07.9700085Z ##[command]"C:\Windows\System32\WindowsPowerShell\v1.0\powershell.exe" -NoLogo -NoProfile -NonInteractive -ExecutionPolicy Unrestricted -Command ". 'C:\azagent\A3\_work\_temp\11ec48c3-9f55-4114-9b0c-7fac019cb7a5.ps1'"
2020-04-18T22:42:08.4142246Z Hello World from WIN-QRBKL3AEHAB.
2020-04-18T22:42:08.4147159Z My ID is 9.
2020-04-18T22:42:08.4147583Z AGENT_WORKFOLDER contents:
2020-04-18T22:42:08.5097762Z 
2020-04-18T22:42:08.5099681Z 
2020-04-18T22:42:08.5101968Z     Directory: C:\azagent\A3\_work
2020-04-18T22:42:08.5103553Z 
2020-04-18T22:42:08.5105152Z 
2020-04-18T22:42:08.5121099Z Mode                LastWriteTime         Length Name                                                                  
2020-04-18T22:42:08.5122669Z ----                -------------         ------ ----                                                                  
2020-04-18T22:42:08.5147956Z d-----       18/04/2020     23:41                r1                                                                    
2020-04-18T22:42:08.5188429Z d-----       16/02/2020     00:07                r2                                                                    
2020-04-18T22:42:08.5235150Z d-----       10/02/2020     00:02                ReleaseRootMapping                                                    
2020-04-18T22:42:08.5281085Z d-----       18/04/2020     23:33                _tasks                                                                
2020-04-18T22:42:08.5319316Z d-----       18/04/2020     23:42                _temp                                                                 
2020-04-18T22:42:08.5354572Z d-----       10/02/2020     00:02                _tool                                                                 
2020-04-18T22:42:08.5388114Z AGENT_BUILDDIRECTORY contents:
2020-04-18T22:42:08.5458140Z 
2020-04-18T22:42:08.5459213Z 
2020-04-18T22:42:08.5459441Z     Directory: C:\azagent\A3\_work\r1\a
2020-04-18T22:42:08.5459568Z 
2020-04-18T22:42:08.5459980Z 
2020-04-18T22:42:08.5460192Z Mode                LastWriteTime         Length Name                                                                  
2020-04-18T22:42:08.5460331Z ----                -------------         ------ ----                                                                  
2020-04-18T22:42:08.5460716Z d-----       18/04/2020     23:41                _Build                                                                
2020-04-18T22:42:08.5474331Z BUILD_SOURCESDIRECTORY contents:
2020-04-18T22:42:08.5501421Z d-----       18/04/2020     23:41                _Build                                                                
2020-04-18T22:42:08.5519275Z End
2020-04-18T22:42:08.5538863Z Should Pass
2020-04-18T22:42:08.5634339Z 
2020-04-18T22:42:08.5635009Z 
2020-04-18T22:42:08.6383971Z ##[section]Finishing: Run Tests
2020-04-18T22:42:08.6601650Z ##[section]Starting: Finalize Job
2020-04-18T22:42:08.6650706Z Cleaning up task key
2020-04-18T22:42:08.6652836Z Start cleaning up orphan processes.
2020-04-18T22:42:08.7185918Z ##[section]Finishing: Finalize Job
2020-04-18T22:42:08.7383416Z ##[section]Finishing: Release
